2025-10-10T00:00:38.994+05:30  INFO 23748 --- [PAYROLL_MANAGEMENT_SYSTEM] [File Watcher] rtingClassPathChangeChangedEventListener : Restarting due to 2 class path changes (0 additions, 0 deletions, 2 modifications)
2025-10-10T00:00:39.006+05:30  INFO 23748 --- [PAYROLL_MANAGEMENT_SYSTEM] [Thread-5] o.s.b.w.e.tomcat.GracefulShutdown        : Commencing graceful shutdown. Waiting for active requests to complete
2025-10-10T00:00:39.019+05:30  INFO 23748 --- [PAYROLL_MANAGEMENT_SYSTEM] [tomcat-shutdown] o.s.b.w.e.tomcat.GracefulShutdown        : Graceful shutdown complete
2025-10-10T00:00:39.025+05:30  INFO 23748 --- [PAYROLL_MANAGEMENT_SYSTEM] [Thread-5] j.LocalContainerEntityManagerFactoryBean : Closing JPA EntityManagerFactory for persistence unit 'default'
2025-10-10T00:00:39.060+05:30  INFO 23748 --- [PAYROLL_MANAGEMENT_SYSTEM] [Thread-5] com.zaxxer.hikari.HikariDataSource       : HikariPool-1 - Shutdown initiated...
2025-10-10T00:00:39.075+05:30  INFO 23748 --- [PAYROLL_MANAGEMENT_SYSTEM] [Thread-5] com.zaxxer.hikari.HikariDataSource       : HikariPool-1 - Shutdown completed.
2025-10-10T00:00:39.223+05:30  INFO 23748 --- [PAYROLL_MANAGEMENT_SYSTEM] [restartedMain] c.p.PayrollManagementSystemApplication   : Starting PayrollManagementSystemApplication using Java 21.0.3 with PID 23748 (D:\JAVA_TRAINING\CAPSTONE_PROJECT\PAYROLL_MANAGEMENT_SYSTEM\target\classes started by mustafa.bhagat in D:\JAVA_TRAINING\CAPSTONE_PROJECT\PAYROLL_MANAGEMENT_SYSTEM)
2025-10-10T00:00:39.224+05:30  INFO 23748 --- [PAYROLL_MANAGEMENT_SYSTEM] [restartedMain] c.p.PayrollManagementSystemApplication   : No active profile set, falling back to 1 default profile: "default"
2025-10-10T00:00:39.440+05:30  INFO 23748 --- [PAYROLL_MANAGEMENT_SYSTEM] [restartedMain] .s.d.r.c.RepositoryConfigurationDelegate : Bootstrapping Spring Data JPA repositories in DEFAULT mode.
2025-10-10T00:00:39.480+05:30  INFO 23748 --- [PAYROLL_MANAGEMENT_SYSTEM] [restartedMain] .s.d.r.c.RepositoryConfigurationDelegate : Finished Spring Data repository scanning in 38 ms. Found 10 JPA repository interfaces.
2025-10-10T00:00:39.611+05:30  INFO 23748 --- [PAYROLL_MANAGEMENT_SYSTEM] [restartedMain] o.s.b.w.embedded.tomcat.TomcatWebServer  : Tomcat initialized with port 8080 (http)
2025-10-10T00:00:39.614+05:30  INFO 23748 --- [PAYROLL_MANAGEMENT_SYSTEM] [restartedMain] o.apache.catalina.core.StandardService   : Starting service [Tomcat]
2025-10-10T00:00:39.614+05:30  INFO 23748 --- [PAYROLL_MANAGEMENT_SYSTEM] [restartedMain] o.apache.catalina.core.StandardEngine    : Starting Servlet engine: [Apache Tomcat/10.1.46]
2025-10-10T00:00:39.638+05:30  INFO 23748 --- [PAYROLL_MANAGEMENT_SYSTEM] [restartedMain] o.a.c.c.C.[Tomcat].[localhost].[/]       : Initializing Spring embedded WebApplicationContext
2025-10-10T00:00:39.638+05:30  INFO 23748 --- [PAYROLL_MANAGEMENT_SYSTEM] [restartedMain] w.s.c.ServletWebServerApplicationContext : Root WebApplicationContext: initialization completed in 411 ms
2025-10-10T00:00:39.687+05:30  INFO 23748 --- [PAYROLL_MANAGEMENT_SYSTEM] [restartedMain] o.hibernate.jpa.internal.util.LogHelper  : HHH000204: Processing PersistenceUnitInfo [name: default]
2025-10-10T00:00:39.690+05:30  INFO 23748 --- [PAYROLL_MANAGEMENT_SYSTEM] [restartedMain] o.h.c.internal.RegionFactoryInitiator    : HHH000026: Second-level cache disabled
2025-10-10T00:00:39.700+05:30  INFO 23748 --- [PAYROLL_MANAGEMENT_SYSTEM] [restartedMain] o.s.o.j.p.SpringPersistenceUnitInfo      : No LoadTimeWeaver setup: ignoring JPA class transformer
2025-10-10T00:00:39.740+05:30  INFO 23748 --- [PAYROLL_MANAGEMENT_SYSTEM] [restartedMain] com.zaxxer.hikari.HikariDataSource       : HikariPool-2 - Starting...
2025-10-10T00:00:39.748+05:30  INFO 23748 --- [PAYROLL_MANAGEMENT_SYSTEM] [restartedMain] com.zaxxer.hikari.pool.HikariPool        : HikariPool-2 - Added connection com.mysql.cj.jdbc.ConnectionImpl@2fb30866
2025-10-10T00:00:39.748+05:30  INFO 23748 --- [PAYROLL_MANAGEMENT_SYSTEM] [restartedMain] com.zaxxer.hikari.HikariDataSource       : HikariPool-2 - Start completed.
2025-10-10T00:00:39.750+05:30  WARN 23748 --- [PAYROLL_MANAGEMENT_SYSTEM] [restartedMain] org.hibernate.orm.deprecation            : HHH90000025: MySQLDialect does not need to be specified explicitly using 'hibernate.dialect' (remove the property setting and it will be selected by default)
2025-10-10T00:00:39.750+05:30  INFO 23748 --- [PAYROLL_MANAGEMENT_SYSTEM] [restartedMain] org.hibernate.orm.connections.pooling    : HHH10001005: Database info:
	Database JDBC URL [Connecting through datasource 'HikariDataSource (HikariPool-2)']
	Database driver: undefined/unknown
	Database version: 8.0.42
	Autocommit mode: undefined/unknown
	Isolation level: undefined/unknown
	Minimum pool size: undefined/unknown
	Maximum pool size: undefined/unknown
2025-10-10T00:00:39.992+05:30  INFO 23748 --- [PAYROLL_MANAGEMENT_SYSTEM] [restartedMain] o.h.e.t.j.p.i.JtaPlatformInitiator       : HHH000489: No JTA platform available (set 'hibernate.transaction.jta.platform' to enable JTA platform integration)
2025-10-10T00:00:40.077+05:30  INFO 23748 --- [PAYROLL_MANAGEMENT_SYSTEM] [restartedMain] j.LocalContainerEntityManagerFactoryBean : Initialized JPA EntityManagerFactory for persistence unit 'default'
2025-10-10T00:00:40.255+05:30  WARN 23748 --- [PAYROLL_MANAGEMENT_SYSTEM] [restartedMain] JpaBaseConfiguration$JpaWebConfiguration : spring.jpa.open-in-view is enabled by default. Therefore, database queries may be performed during view rendering. Explicitly configure spring.jpa.open-in-view to disable this warning
2025-10-10T00:00:40.404+05:30  INFO 23748 --- [PAYROLL_MANAGEMENT_SYSTEM] [restartedMain] o.s.b.d.a.OptionalLiveReloadServer       : LiveReload server is running on port 35729
2025-10-10T00:00:40.426+05:30  INFO 23748 --- [PAYROLL_MANAGEMENT_SYSTEM] [restartedMain] o.s.b.w.embedded.tomcat.TomcatWebServer  : Tomcat started on port 8080 (http) with context path '/'
2025-10-10T00:00:40.431+05:30  INFO 23748 --- [PAYROLL_MANAGEMENT_SYSTEM] [restartedMain] c.p.PayrollManagementSystemApplication   : Started PayrollManagementSystemApplication in 1.275 seconds (process running for 179.899)
2025-10-10T00:00:40.434+05:30  INFO 23748 --- [PAYROLL_MANAGEMENT_SYSTEM] [restartedMain] .ConditionEvaluationDeltaLoggingListener : Condition evaluation unchanged
2025-10-10T00:02:16.513+05:30  INFO 23748 --- [PAYROLL_MANAGEMENT_SYSTEM] [File Watcher] rtingClassPathChangeChangedEventListener : Restarting due to 1 class path change (0 additions, 0 deletions, 1 modification)
2025-10-10T00:02:16.516+05:30  INFO 23748 --- [PAYROLL_MANAGEMENT_SYSTEM] [Thread-7] o.s.b.w.e.tomcat.GracefulShutdown        : Commencing graceful shutdown. Waiting for active requests to complete
2025-10-10T00:02:16.525+05:30  INFO 23748 --- [PAYROLL_MANAGEMENT_SYSTEM] [tomcat-shutdown] o.s.b.w.e.tomcat.GracefulShutdown        : Graceful shutdown complete
2025-10-10T00:02:16.528+05:30  INFO 23748 --- [PAYROLL_MANAGEMENT_SYSTEM] [Thread-7] j.LocalContainerEntityManagerFactoryBean : Closing JPA EntityManagerFactory for persistence unit 'default'
2025-10-10T00:02:16.530+05:30  INFO 23748 --- [PAYROLL_MANAGEMENT_SYSTEM] [Thread-7] com.zaxxer.hikari.HikariDataSource       : HikariPool-2 - Shutdown initiated...
2025-10-10T00:02:16.535+05:30  INFO 23748 --- [PAYROLL_MANAGEMENT_SYSTEM] [Thread-7] com.zaxxer.hikari.HikariDataSource       : HikariPool-2 - Shutdown completed.
2025-10-10T00:02:16.671+05:30  INFO 23748 --- [PAYROLL_MANAGEMENT_SYSTEM] [restartedMain] c.p.PayrollManagementSystemApplication   : Starting PayrollManagementSystemApplication using Java 21.0.3 with PID 23748 (D:\JAVA_TRAINING\CAPSTONE_PROJECT\PAYROLL_MANAGEMENT_SYSTEM\target\classes started by mustafa.bhagat in D:\JAVA_TRAINING\CAPSTONE_PROJECT\PAYROLL_MANAGEMENT_SYSTEM)
2025-10-10T00:02:16.671+05:30  INFO 23748 --- [PAYROLL_MANAGEMENT_SYSTEM] [restartedMain] c.p.PayrollManagementSystemApplication   : No active profile set, falling back to 1 default profile: "default"
2025-10-10T00:02:16.880+05:30  INFO 23748 --- [PAYROLL_MANAGEMENT_SYSTEM] [restartedMain] .s.d.r.c.RepositoryConfigurationDelegate : Bootstrapping Spring Data JPA repositories in DEFAULT mode.
2025-10-10T00:02:16.917+05:30  INFO 23748 --- [PAYROLL_MANAGEMENT_SYSTEM] [restartedMain] .s.d.r.c.RepositoryConfigurationDelegate : Finished Spring Data repository scanning in 36 ms. Found 10 JPA repository interfaces.
2025-10-10T00:02:17.030+05:30  INFO 23748 --- [PAYROLL_MANAGEMENT_SYSTEM] [restartedMain] o.s.b.w.embedded.tomcat.TomcatWebServer  : Tomcat initialized with port 8080 (http)
2025-10-10T00:02:17.031+05:30  INFO 23748 --- [PAYROLL_MANAGEMENT_SYSTEM] [restartedMain] o.apache.catalina.core.StandardService   : Starting service [Tomcat]
2025-10-10T00:02:17.031+05:30  INFO 23748 --- [PAYROLL_MANAGEMENT_SYSTEM] [restartedMain] o.apache.catalina.core.StandardEngine    : Starting Servlet engine: [Apache Tomcat/10.1.46]
2025-10-10T00:02:17.055+05:30  INFO 23748 --- [PAYROLL_MANAGEMENT_SYSTEM] [restartedMain] o.a.c.c.C.[Tomcat].[localhost].[/]       : Initializing Spring embedded WebApplicationContext
2025-10-10T00:02:17.057+05:30  INFO 23748 --- [PAYROLL_MANAGEMENT_SYSTEM] [restartedMain] w.s.c.ServletWebServerApplicationContext : Root WebApplicationContext: initialization completed in 384 ms
2025-10-10T00:02:17.093+05:30  INFO 23748 --- [PAYROLL_MANAGEMENT_SYSTEM] [restartedMain] o.hibernate.jpa.internal.util.LogHelper  : HHH000204: Processing PersistenceUnitInfo [name: default]
2025-10-10T00:02:17.096+05:30  INFO 23748 --- [PAYROLL_MANAGEMENT_SYSTEM] [restartedMain] o.h.c.internal.RegionFactoryInitiator    : HHH000026: Second-level cache disabled
2025-10-10T00:02:17.109+05:30  INFO 23748 --- [PAYROLL_MANAGEMENT_SYSTEM] [restartedMain] o.s.o.j.p.SpringPersistenceUnitInfo      : No LoadTimeWeaver setup: ignoring JPA class transformer
2025-10-10T00:02:17.112+05:30  INFO 23748 --- [PAYROLL_MANAGEMENT_SYSTEM] [restartedMain] com.zaxxer.hikari.HikariDataSource       : HikariPool-3 - Starting...
2025-10-10T00:02:17.122+05:30  INFO 23748 --- [PAYROLL_MANAGEMENT_SYSTEM] [restartedMain] com.zaxxer.hikari.pool.HikariPool        : HikariPool-3 - Added connection com.mysql.cj.jdbc.ConnectionImpl@446246e0
2025-10-10T00:02:17.122+05:30  INFO 23748 --- [PAYROLL_MANAGEMENT_SYSTEM] [restartedMain] com.zaxxer.hikari.HikariDataSource       : HikariPool-3 - Start completed.
2025-10-10T00:02:17.124+05:30  WARN 23748 --- [PAYROLL_MANAGEMENT_SYSTEM] [restartedMain] org.hibernate.orm.deprecation            : HHH90000025: MySQLDialect does not need to be specified explicitly using 'hibernate.dialect' (remove the property setting and it will be selected by default)
2025-10-10T00:02:17.125+05:30  INFO 23748 --- [PAYROLL_MANAGEMENT_SYSTEM] [restartedMain] org.hibernate.orm.connections.pooling    : HHH10001005: Database info:
	Database JDBC URL [Connecting through datasource 'HikariDataSource (HikariPool-3)']
	Database driver: undefined/unknown
	Database version: 8.0.42
	Autocommit mode: undefined/unknown
	Isolation level: undefined/unknown
	Minimum pool size: undefined/unknown
	Maximum pool size: undefined/unknown
2025-10-10T00:02:17.330+05:30  INFO 23748 --- [PAYROLL_MANAGEMENT_SYSTEM] [restartedMain] o.h.e.t.j.p.i.JtaPlatformInitiator       : HHH000489: No JTA platform available (set 'hibernate.transaction.jta.platform' to enable JTA platform integration)
2025-10-10T00:02:17.422+05:30  INFO 23748 --- [PAYROLL_MANAGEMENT_SYSTEM] [restartedMain] j.LocalContainerEntityManagerFactoryBean : Initialized JPA EntityManagerFactory for persistence unit 'default'
2025-10-10T00:02:17.607+05:30  WARN 23748 --- [PAYROLL_MANAGEMENT_SYSTEM] [restartedMain] JpaBaseConfiguration$JpaWebConfiguration : spring.jpa.open-in-view is enabled by default. Therefore, database queries may be performed during view rendering. Explicitly configure spring.jpa.open-in-view to disable this warning
2025-10-10T00:02:17.737+05:30  INFO 23748 --- [PAYROLL_MANAGEMENT_SYSTEM] [restartedMain] o.s.b.d.a.OptionalLiveReloadServer       : LiveReload server is running on port 35729
2025-10-10T00:02:17.757+05:30  INFO 23748 --- [PAYROLL_MANAGEMENT_SYSTEM] [restartedMain] o.s.b.w.embedded.tomcat.TomcatWebServer  : Tomcat started on port 8080 (http) with context path '/'
2025-10-10T00:02:17.760+05:30  INFO 23748 --- [PAYROLL_MANAGEMENT_SYSTEM] [restartedMain] c.p.PayrollManagementSystemApplication   : Started PayrollManagementSystemApplication in 1.118 seconds (process running for 277.221)
2025-10-10T00:02:17.762+05:30  INFO 23748 --- [PAYROLL_MANAGEMENT_SYSTEM] [restartedMain] .ConditionEvaluationDeltaLoggingListener : Condition evaluation unchanged
2025-10-10T00:02:32.689+05:30  INFO 23748 --- [PAYROLL_MANAGEMENT_SYSTEM] [RMI TCP Connection(8)-127.0.0.1] inMXBeanRegistrar$SpringApplicationAdmin : Application shutdown requested.
2025-10-10T00:02:32.689+05:30  INFO 23748 --- [PAYROLL_MANAGEMENT_SYSTEM] [RMI TCP Connection(8)-127.0.0.1] o.s.b.w.e.tomcat.GracefulShutdown        : Commencing graceful shutdown. Waiting for active requests to complete
2025-10-10T00:02:32.697+05:30  INFO 23748 --- [PAYROLL_MANAGEMENT_SYSTEM] [tomcat-shutdown] o.s.b.w.e.tomcat.GracefulShutdown        : Graceful shutdown complete
2025-10-10T00:02:32.700+05:30  INFO 23748 --- [PAYROLL_MANAGEMENT_SYSTEM] [RMI TCP Connection(8)-127.0.0.1] j.LocalContainerEntityManagerFactoryBean : Closing JPA EntityManagerFactory for persistence unit 'default'
2025-10-10T00:02:32.701+05:30  INFO 23748 --- [PAYROLL_MANAGEMENT_SYSTEM] [RMI TCP Connection(8)-127.0.0.1] com.zaxxer.hikari.HikariDataSource       : HikariPool-3 - Shutdown initiated...
2025-10-10T00:02:32.705+05:30  INFO 23748 --- [PAYROLL_MANAGEMENT_SYSTEM] [RMI TCP Connection(8)-127.0.0.1] com.zaxxer.hikari.HikariDataSource       : HikariPool-3 - Shutdown completed.
2025-10-10T00:02:37.645+05:30  INFO 24012 --- [PAYROLL_MANAGEMENT_SYSTEM] [restartedMain] c.p.PayrollManagementSystemApplication   : Starting PayrollManagementSystemApplication using Java 21.0.3 with PID 24012 (D:\JAVA_TRAINING\CAPSTONE_PROJECT\PAYROLL_MANAGEMENT_SYSTEM\target\classes started by mustafa.bhagat in D:\JAVA_TRAINING\CAPSTONE_PROJECT\PAYROLL_MANAGEMENT_SYSTEM)
2025-10-10T00:02:37.648+05:30  INFO 24012 --- [PAYROLL_MANAGEMENT_SYSTEM] [restartedMain] c.p.PayrollManagementSystemApplication   : No active profile set, falling back to 1 default profile: "default"
2025-10-10T00:02:37.704+05:30  INFO 24012 --- [PAYROLL_MANAGEMENT_SYSTEM] [restartedMain] .e.DevToolsPropertyDefaultsPostProcessor : Devtools property defaults active! Set 'spring.devtools.add-properties' to 'false' to disable
2025-10-10T00:02:37.704+05:30  INFO 24012 --- [PAYROLL_MANAGEMENT_SYSTEM] [restartedMain] .e.DevToolsPropertyDefaultsPostProcessor : For additional web related logging consider setting the 'logging.level.web' property to 'DEBUG'
2025-10-10T00:02:38.424+05:30  INFO 24012 --- [PAYROLL_MANAGEMENT_SYSTEM] [restartedMain] .s.d.r.c.RepositoryConfigurationDelegate : Bootstrapping Spring Data JPA repositories in DEFAULT mode.
2025-10-10T00:02:38.543+05:30  INFO 24012 --- [PAYROLL_MANAGEMENT_SYSTEM] [restartedMain] .s.d.r.c.RepositoryConfigurationDelegate : Finished Spring Data repository scanning in 84 ms. Found 10 JPA repository interfaces.
2025-10-10T00:02:38.999+05:30  INFO 24012 --- [PAYROLL_MANAGEMENT_SYSTEM] [restartedMain] o.s.b.w.embedded.tomcat.TomcatWebServer  : Tomcat initialized with port 8080 (http)
2025-10-10T00:02:39.012+05:30  INFO 24012 --- [PAYROLL_MANAGEMENT_SYSTEM] [restartedMain] o.apache.catalina.core.StandardService   : Starting service [Tomcat]
2025-10-10T00:02:39.012+05:30  INFO 24012 --- [PAYROLL_MANAGEMENT_SYSTEM] [restartedMain] o.apache.catalina.core.StandardEngine    : Starting Servlet engine: [Apache Tomcat/10.1.46]
2025-10-10T00:02:39.061+05:30  INFO 24012 --- [PAYROLL_MANAGEMENT_SYSTEM] [restartedMain] o.a.c.c.C.[Tomcat].[localhost].[/]       : Initializing Spring embedded WebApplicationContext
2025-10-10T00:02:39.061+05:30  INFO 24012 --- [PAYROLL_MANAGEMENT_SYSTEM] [restartedMain] w.s.c.ServletWebServerApplicationContext : Root WebApplicationContext: initialization completed in 1356 ms
2025-10-10T00:02:39.203+05:30  INFO 24012 --- [PAYROLL_MANAGEMENT_SYSTEM] [restartedMain] o.hibernate.jpa.internal.util.LogHelper  : HHH000204: Processing PersistenceUnitInfo [name: default]
2025-10-10T00:02:39.247+05:30  INFO 24012 --- [PAYROLL_MANAGEMENT_SYSTEM] [restartedMain] org.hibernate.Version                    : HHH000412: Hibernate ORM core version 6.6.29.Final
2025-10-10T00:02:39.277+05:30  INFO 24012 --- [PAYROLL_MANAGEMENT_SYSTEM] [restartedMain] o.h.c.internal.RegionFactoryInitiator    : HHH000026: Second-level cache disabled
2025-10-10T00:02:39.513+05:30  INFO 24012 --- [PAYROLL_MANAGEMENT_SYSTEM] [restartedMain] o.s.o.j.p.SpringPersistenceUnitInfo      : No LoadTimeWeaver setup: ignoring JPA class transformer
2025-10-10T00:02:39.537+05:30  INFO 24012 --- [PAYROLL_MANAGEMENT_SYSTEM] [restartedMain] com.zaxxer.hikari.HikariDataSource       : HikariPool-1 - Starting...
2025-10-10T00:02:39.675+05:30  INFO 24012 --- [PAYROLL_MANAGEMENT_SYSTEM] [restartedMain] com.zaxxer.hikari.pool.HikariPool        : HikariPool-1 - Added connection com.mysql.cj.jdbc.ConnectionImpl@6644c7d3
2025-10-10T00:02:39.676+05:30  INFO 24012 --- [PAYROLL_MANAGEMENT_SYSTEM] [restartedMain] com.zaxxer.hikari.HikariDataSource       : HikariPool-1 - Start completed.
2025-10-10T00:02:39.718+05:30  WARN 24012 --- [PAYROLL_MANAGEMENT_SYSTEM] [restartedMain] org.hibernate.orm.deprecation            : HHH90000025: MySQLDialect does not need to be specified explicitly using 'hibernate.dialect' (remove the property setting and it will be selected by default)
2025-10-10T00:02:39.732+05:30  INFO 24012 --- [PAYROLL_MANAGEMENT_SYSTEM] [restartedMain] org.hibernate.orm.connections.pooling    : HHH10001005: Database info:
	Database JDBC URL [Connecting through datasource 'HikariDataSource (HikariPool-1)']
	Database driver: undefined/unknown
	Database version: 8.0.42
	Autocommit mode: undefined/unknown
	Isolation level: undefined/unknown
	Minimum pool size: undefined/unknown
	Maximum pool size: undefined/unknown
2025-10-10T00:02:40.606+05:30  INFO 24012 --- [PAYROLL_MANAGEMENT_SYSTEM] [restartedMain] o.h.e.t.j.p.i.JtaPlatformInitiator       : HHH000489: No JTA platform available (set 'hibernate.transaction.jta.platform' to enable JTA platform integration)
2025-10-10T00:02:40.705+05:30  INFO 24012 --- [PAYROLL_MANAGEMENT_SYSTEM] [restartedMain] j.LocalContainerEntityManagerFactoryBean : Initialized JPA EntityManagerFactory for persistence unit 'default'
2025-10-10T00:02:41.042+05:30  WARN 24012 --- [PAYROLL_MANAGEMENT_SYSTEM] [restartedMain] JpaBaseConfiguration$JpaWebConfiguration : spring.jpa.open-in-view is enabled by default. Therefore, database queries may be performed during view rendering. Explicitly configure spring.jpa.open-in-view to disable this warning
2025-10-10T00:02:41.323+05:30  INFO 24012 --- [PAYROLL_MANAGEMENT_SYSTEM] [restartedMain] o.s.b.d.a.OptionalLiveReloadServer       : LiveReload server is running on port 35729
2025-10-10T00:02:41.359+05:30  INFO 24012 --- [PAYROLL_MANAGEMENT_SYSTEM] [restartedMain] o.s.b.w.embedded.tomcat.TomcatWebServer  : Tomcat started on port 8080 (http) with context path '/'
2025-10-10T00:02:41.365+05:30  INFO 24012 --- [PAYROLL_MANAGEMENT_SYSTEM] [restartedMain] c.p.PayrollManagementSystemApplication   : Started PayrollManagementSystemApplication in 4.296 seconds (process running for 5.284)
2025-10-10T00:02:42.442+05:30  INFO 24012 --- [PAYROLL_MANAGEMENT_SYSTEM] [RMI TCP Connection(2)-127.0.0.1] inMXBeanRegistrar$SpringApplicationAdmin : Application shutdown requested.
2025-10-10T00:02:42.446+05:30  INFO 24012 --- [PAYROLL_MANAGEMENT_SYSTEM] [RMI TCP Connection(2)-127.0.0.1] o.s.b.w.e.tomcat.GracefulShutdown        : Commencing graceful shutdown. Waiting for active requests to complete
2025-10-10T00:02:42.453+05:30  INFO 24012 --- [PAYROLL_MANAGEMENT_SYSTEM] [tomcat-shutdown] o.s.b.w.e.tomcat.GracefulShutdown        : Graceful shutdown complete
2025-10-10T00:02:42.458+05:30  INFO 24012 --- [PAYROLL_MANAGEMENT_SYSTEM] [RMI TCP Connection(2)-127.0.0.1] j.LocalContainerEntityManagerFactoryBean : Closing JPA EntityManagerFactory for persistence unit 'default'
2025-10-10T00:02:42.461+05:30  INFO 24012 --- [PAYROLL_MANAGEMENT_SYSTEM] [RMI TCP Connection(2)-127.0.0.1] com.zaxxer.hikari.HikariDataSource       : HikariPool-1 - Shutdown initiated...
2025-10-10T00:02:42.472+05:30  INFO 24012 --- [PAYROLL_MANAGEMENT_SYSTEM] [RMI TCP Connection(2)-127.0.0.1] com.zaxxer.hikari.HikariDataSource       : HikariPool-1 - Shutdown completed.
2025-10-10T00:02:47.003+05:30  INFO 24544 --- [PAYROLL_MANAGEMENT_SYSTEM] [restartedMain] c.p.PayrollManagementSystemApplication   : Starting PayrollManagementSystemApplication using Java 21.0.3 with PID 24544 (D:\JAVA_TRAINING\CAPSTONE_PROJECT\PAYROLL_MANAGEMENT_SYSTEM\target\classes started by mustafa.bhagat in D:\JAVA_TRAINING\CAPSTONE_PROJECT\PAYROLL_MANAGEMENT_SYSTEM)
2025-10-10T00:02:47.006+05:30  INFO 24544 --- [PAYROLL_MANAGEMENT_SYSTEM] [restartedMain] c.p.PayrollManagementSystemApplication   : No active profile set, falling back to 1 default profile: "default"
2025-10-10T00:02:47.061+05:30  INFO 24544 --- [PAYROLL_MANAGEMENT_SYSTEM] [restartedMain] .e.DevToolsPropertyDefaultsPostProcessor : Devtools property defaults active! Set 'spring.devtools.add-properties' to 'false' to disable
2025-10-10T00:02:47.061+05:30  INFO 24544 --- [PAYROLL_MANAGEMENT_SYSTEM] [restartedMain] .e.DevToolsPropertyDefaultsPostProcessor : For additional web related logging consider setting the 'logging.level.web' property to 'DEBUG'
2025-10-10T00:02:47.775+05:30  INFO 24544 --- [PAYROLL_MANAGEMENT_SYSTEM] [restartedMain] .s.d.r.c.RepositoryConfigurationDelegate : Bootstrapping Spring Data JPA repositories in DEFAULT mode.
2025-10-10T00:02:47.862+05:30  INFO 24544 --- [PAYROLL_MANAGEMENT_SYSTEM] [restartedMain] .s.d.r.c.RepositoryConfigurationDelegate : Finished Spring Data repository scanning in 78 ms. Found 10 JPA repository interfaces.
2025-10-10T00:02:48.286+05:30  INFO 24544 --- [PAYROLL_MANAGEMENT_SYSTEM] [restartedMain] o.s.b.w.embedded.tomcat.TomcatWebServer  : Tomcat initialized with port 8080 (http)
2025-10-10T00:02:48.298+05:30  INFO 24544 --- [PAYROLL_MANAGEMENT_SYSTEM] [restartedMain] o.apache.catalina.core.StandardService   : Starting service [Tomcat]
2025-10-10T00:02:48.299+05:30  INFO 24544 --- [PAYROLL_MANAGEMENT_SYSTEM] [restartedMain] o.apache.catalina.core.StandardEngine    : Starting Servlet engine: [Apache Tomcat/10.1.46]
2025-10-10T00:02:48.348+05:30  INFO 24544 --- [PAYROLL_MANAGEMENT_SYSTEM] [restartedMain] o.a.c.c.C.[Tomcat].[localhost].[/]       : Initializing Spring embedded WebApplicationContext
2025-10-10T00:02:48.349+05:30  INFO 24544 --- [PAYROLL_MANAGEMENT_SYSTEM] [restartedMain] w.s.c.ServletWebServerApplicationContext : Root WebApplicationContext: initialization completed in 1287 ms
2025-10-10T00:02:48.489+05:30  INFO 24544 --- [PAYROLL_MANAGEMENT_SYSTEM] [restartedMain] o.hibernate.jpa.internal.util.LogHelper  : HHH000204: Processing PersistenceUnitInfo [name: default]
2025-10-10T00:02:48.535+05:30  INFO 24544 --- [PAYROLL_MANAGEMENT_SYSTEM] [restartedMain] org.hibernate.Version                    : HHH000412: Hibernate ORM core version 6.6.29.Final
2025-10-10T00:02:48.560+05:30  INFO 24544 --- [PAYROLL_MANAGEMENT_SYSTEM] [restartedMain] o.h.c.internal.RegionFactoryInitiator    : HHH000026: Second-level cache disabled
2025-10-10T00:02:48.766+05:30  INFO 24544 --- [PAYROLL_MANAGEMENT_SYSTEM] [restartedMain] o.s.o.j.p.SpringPersistenceUnitInfo      : No LoadTimeWeaver setup: ignoring JPA class transformer
2025-10-10T00:02:48.792+05:30  INFO 24544 --- [PAYROLL_MANAGEMENT_SYSTEM] [restartedMain] com.zaxxer.hikari.HikariDataSource       : HikariPool-1 - Starting...
2025-10-10T00:02:48.930+05:30  INFO 24544 --- [PAYROLL_MANAGEMENT_SYSTEM] [restartedMain] com.zaxxer.hikari.pool.HikariPool        : HikariPool-1 - Added connection com.mysql.cj.jdbc.ConnectionImpl@55860b9a
2025-10-10T00:02:48.932+05:30  INFO 24544 --- [PAYROLL_MANAGEMENT_SYSTEM] [restartedMain] com.zaxxer.hikari.HikariDataSource       : HikariPool-1 - Start completed.
2025-10-10T00:02:48.980+05:30  WARN 24544 --- [PAYROLL_MANAGEMENT_SYSTEM] [restartedMain] org.hibernate.orm.deprecation            : HHH90000025: MySQLDialect does not need to be specified explicitly using 'hibernate.dialect' (remove the property setting and it will be selected by default)
2025-10-10T00:02:48.994+05:30  INFO 24544 --- [PAYROLL_MANAGEMENT_SYSTEM] [restartedMain] org.hibernate.orm.connections.pooling    : HHH10001005: Database info:
	Database JDBC URL [Connecting through datasource 'HikariDataSource (HikariPool-1)']
	Database driver: undefined/unknown
	Database version: 8.0.42
	Autocommit mode: undefined/unknown
	Isolation level: undefined/unknown
	Minimum pool size: undefined/unknown
	Maximum pool size: undefined/unknown
2025-10-10T00:02:49.859+05:30  INFO 24544 --- [PAYROLL_MANAGEMENT_SYSTEM] [restartedMain] o.h.e.t.j.p.i.JtaPlatformInitiator       : HHH000489: No JTA platform available (set 'hibernate.transaction.jta.platform' to enable JTA platform integration)
2025-10-10T00:02:49.962+05:30  INFO 24544 --- [PAYROLL_MANAGEMENT_SYSTEM] [restartedMain] j.LocalContainerEntityManagerFactoryBean : Initialized JPA EntityManagerFactory for persistence unit 'default'
2025-10-10T00:02:50.287+05:30  WARN 24544 --- [PAYROLL_MANAGEMENT_SYSTEM] [restartedMain] JpaBaseConfiguration$JpaWebConfiguration : spring.jpa.open-in-view is enabled by default. Therefore, database queries may be performed during view rendering. Explicitly configure spring.jpa.open-in-view to disable this warning
2025-10-10T00:02:50.566+05:30  INFO 24544 --- [PAYROLL_MANAGEMENT_SYSTEM] [restartedMain] o.s.b.d.a.OptionalLiveReloadServer       : LiveReload server is running on port 35729
2025-10-10T00:02:50.600+05:30  INFO 24544 --- [PAYROLL_MANAGEMENT_SYSTEM] [restartedMain] o.s.b.w.embedded.tomcat.TomcatWebServer  : Tomcat started on port 8080 (http) with context path '/'
2025-10-10T00:02:50.607+05:30  INFO 24544 --- [PAYROLL_MANAGEMENT_SYSTEM] [restartedMain] c.p.PayrollManagementSystemApplication   : Started PayrollManagementSystemApplication in 4.098 seconds (process running for 5.107)
2025-10-10T00:03:03.724+05:30  INFO 24544 --- [PAYROLL_MANAGEMENT_SYSTEM] [http-nio-8080-exec-1] o.a.c.c.C.[Tomcat].[localhost].[/]       : Initializing Spring DispatcherServlet 'dispatcherServlet'
2025-10-10T00:03:03.724+05:30  INFO 24544 --- [PAYROLL_MANAGEMENT_SYSTEM] [http-nio-8080-exec-1] o.s.web.servlet.DispatcherServlet        : Initializing Servlet 'dispatcherServlet'
2025-10-10T00:03:03.726+05:30  INFO 24544 --- [PAYROLL_MANAGEMENT_SYSTEM] [http-nio-8080-exec-1] o.s.web.servlet.DispatcherServlet        : Completed initialization in 2 ms
2025-10-10T00:03:03.906+05:30 DEBUG 24544 --- [PAYROLL_MANAGEMENT_SYSTEM] [http-nio-8080-exec-1] org.hibernate.SQL                        : select o1_0.id,o1_0.address,o1_0.bank_id,b1_0.id,ba1_0.id,ba1_0.contact_number,ba1_0.email,ba1_0.name,ba1_0.password,ba1_0.user_id,b1_0.bank_name,b1_0.branch,b1_0.contact_number,o1_0.contact_email,o1_0.contact_phone,o1_0.document_url,o1_0.org_name,o1_0.registration_number,o1_0.verification_status,vb1_0.id,b2_0.id,b2_0.bank_name,b2_0.branch,b2_0.contact_number,vb1_0.contact_number,vb1_0.email,vb1_0.name,vb1_0.password,u2_0.id,u2_0.email,u2_0.organization_id,u2_0.password,u2_0.role,u2_0.username from organization o1_0 join bank b1_0 on b1_0.id=o1_0.bank_id left join bank_admin ba1_0 on b1_0.id=ba1_0.bank_id left join bank_admin vb1_0 on vb1_0.id=o1_0.bank_admin_id left join bank b2_0 on b2_0.id=vb1_0.bank_id left join user u2_0 on u2_0.id=vb1_0.user_id where o1_0.id=?
2025-10-10T00:03:03.906+05:30 TRACE 24544 --- [PAYROLL_MANAGEMENT_SYSTEM] [http-nio-8080-exec-1] org.hibernate.orm.jdbc.bind              : binding parameter (1:BIGINT) <- [1]
2025-10-10T00:03:03.979+05:30 DEBUG 24544 --- [PAYROLL_MANAGEMENT_SYSTEM] [http-nio-8080-exec-1] org.hibernate.SQL                        : insert into employee (account_number,bank_name,department,designation,document_url,email,full_name,ifsc_code,organization_id,password,salary_structure_id,verification_status) values (?,?,?,?,?,?,?,?,?,?,?,?)
2025-10-10T00:03:03.985+05:30 TRACE 24544 --- [PAYROLL_MANAGEMENT_SYSTEM] [http-nio-8080-exec-1] org.hibernate.orm.jdbc.bind              : binding parameter (1:VARCHAR) <- [9876543210]
2025-10-10T00:03:03.985+05:30 TRACE 24544 --- [PAYROLL_MANAGEMENT_SYSTEM] [http-nio-8080-exec-1] org.hibernate.orm.jdbc.bind              : binding parameter (2:VARCHAR) <- [National Bank of India]
2025-10-10T00:03:03.985+05:30 TRACE 24544 --- [PAYROLL_MANAGEMENT_SYSTEM] [http-nio-8080-exec-1] org.hibernate.orm.jdbc.bind              : binding parameter (3:VARCHAR) <- [Engineering]
2025-10-10T00:03:03.985+05:30 TRACE 24544 --- [PAYROLL_MANAGEMENT_SYSTEM] [http-nio-8080-exec-1] org.hibernate.orm.jdbc.bind              : binding parameter (4:VARCHAR) <- [Software Developer]
2025-10-10T00:03:03.985+05:30 TRACE 24544 --- [PAYROLL_MANAGEMENT_SYSTEM] [http-nio-8080-exec-1] org.hibernate.orm.jdbc.bind              : binding parameter (5:VARCHAR) <- [https://res.cloudinary.com/demo/employee_docs/aman_id.pdf]
2025-10-10T00:03:03.985+05:30 TRACE 24544 --- [PAYROLL_MANAGEMENT_SYSTEM] [http-nio-8080-exec-1] org.hibernate.orm.jdbc.bind              : binding parameter (6:VARCHAR) <- [amansharma@gmail.com]
2025-10-10T00:03:03.985+05:30 TRACE 24544 --- [PAYROLL_MANAGEMENT_SYSTEM] [http-nio-8080-exec-1] org.hibernate.orm.jdbc.bind              : binding parameter (7:VARCHAR) <- [Aman Sharma]
2025-10-10T00:03:03.985+05:30 TRACE 24544 --- [PAYROLL_MANAGEMENT_SYSTEM] [http-nio-8080-exec-1] org.hibernate.orm.jdbc.bind              : binding parameter (8:VARCHAR) <- [NBI0001234]
2025-10-10T00:03:03.985+05:30 TRACE 24544 --- [PAYROLL_MANAGEMENT_SYSTEM] [http-nio-8080-exec-1] org.hibernate.orm.jdbc.bind              : binding parameter (9:BIGINT) <- [1]
2025-10-10T00:03:03.987+05:30 TRACE 24544 --- [PAYROLL_MANAGEMENT_SYSTEM] [http-nio-8080-exec-1] org.hibernate.orm.jdbc.bind              : binding parameter (10:VARCHAR) <- [aman123]
2025-10-10T00:03:03.987+05:30 TRACE 24544 --- [PAYROLL_MANAGEMENT_SYSTEM] [http-nio-8080-exec-1] org.hibernate.orm.jdbc.bind              : binding parameter (11:BIGINT) <- [null]
2025-10-10T00:03:03.987+05:30 TRACE 24544 --- [PAYROLL_MANAGEMENT_SYSTEM] [http-nio-8080-exec-1] org.hibernate.orm.jdbc.bind              : binding parameter (12:ENUM) <- [PENDING]
2025-10-10T00:05:01.917+05:30  INFO 24544 --- [PAYROLL_MANAGEMENT_SYSTEM] [File Watcher] rtingClassPathChangeChangedEventListener : Restarting due to 1 class path change (0 additions, 0 deletions, 1 modification)
2025-10-10T00:05:01.923+05:30  INFO 24544 --- [PAYROLL_MANAGEMENT_SYSTEM] [Thread-5] o.s.b.w.e.tomcat.GracefulShutdown        : Commencing graceful shutdown. Waiting for active requests to complete
2025-10-10T00:05:01.931+05:30  INFO 24544 --- [PAYROLL_MANAGEMENT_SYSTEM] [tomcat-shutdown] o.s.b.w.e.tomcat.GracefulShutdown        : Graceful shutdown complete
2025-10-10T00:05:01.937+05:30  INFO 24544 --- [PAYROLL_MANAGEMENT_SYSTEM] [Thread-5] j.LocalContainerEntityManagerFactoryBean : Closing JPA EntityManagerFactory for persistence unit 'default'
2025-10-10T00:05:01.940+05:30  INFO 24544 --- [PAYROLL_MANAGEMENT_SYSTEM] [Thread-5] com.zaxxer.hikari.HikariDataSource       : HikariPool-1 - Shutdown initiated...
2025-10-10T00:05:01.952+05:30  INFO 24544 --- [PAYROLL_MANAGEMENT_SYSTEM] [Thread-5] com.zaxxer.hikari.HikariDataSource       : HikariPool-1 - Shutdown completed.
2025-10-10T00:05:02.097+05:30  INFO 24544 --- [PAYROLL_MANAGEMENT_SYSTEM] [restartedMain] c.p.PayrollManagementSystemApplication   : Starting PayrollManagementSystemApplication using Java 21.0.3 with PID 24544 (D:\JAVA_TRAINING\CAPSTONE_PROJECT\PAYROLL_MANAGEMENT_SYSTEM\target\classes started by mustafa.bhagat in D:\JAVA_TRAINING\CAPSTONE_PROJECT\PAYROLL_MANAGEMENT_SYSTEM)
2025-10-10T00:05:02.098+05:30  INFO 24544 --- [PAYROLL_MANAGEMENT_SYSTEM] [restartedMain] c.p.PayrollManagementSystemApplication   : No active profile set, falling back to 1 default profile: "default"
2025-10-10T00:05:02.310+05:30  INFO 24544 --- [PAYROLL_MANAGEMENT_SYSTEM] [restartedMain] .s.d.r.c.RepositoryConfigurationDelegate : Bootstrapping Spring Data JPA repositories in DEFAULT mode.
2025-10-10T00:05:02.350+05:30  INFO 24544 --- [PAYROLL_MANAGEMENT_SYSTEM] [restartedMain] .s.d.r.c.RepositoryConfigurationDelegate : Finished Spring Data repository scanning in 37 ms. Found 10 JPA repository interfaces.
2025-10-10T00:05:02.482+05:30  INFO 24544 --- [PAYROLL_MANAGEMENT_SYSTEM] [restartedMain] o.s.b.w.embedded.tomcat.TomcatWebServer  : Tomcat initialized with port 8080 (http)
2025-10-10T00:05:02.484+05:30  INFO 24544 --- [PAYROLL_MANAGEMENT_SYSTEM] [restartedMain] o.apache.catalina.core.StandardService   : Starting service [Tomcat]
2025-10-10T00:05:02.484+05:30  INFO 24544 --- [PAYROLL_MANAGEMENT_SYSTEM] [restartedMain] o.apache.catalina.core.StandardEngine    : Starting Servlet engine: [Apache Tomcat/10.1.46]
2025-10-10T00:05:02.507+05:30  INFO 24544 --- [PAYROLL_MANAGEMENT_SYSTEM] [restartedMain] o.a.c.c.C.[Tomcat].[localhost].[/]       : Initializing Spring embedded WebApplicationContext
2025-10-10T00:05:02.508+05:30  INFO 24544 --- [PAYROLL_MANAGEMENT_SYSTEM] [restartedMain] w.s.c.ServletWebServerApplicationContext : Root WebApplicationContext: initialization completed in 408 ms
2025-10-10T00:05:02.554+05:30  INFO 24544 --- [PAYROLL_MANAGEMENT_SYSTEM] [restartedMain] o.hibernate.jpa.internal.util.LogHelper  : HHH000204: Processing PersistenceUnitInfo [name: default]
2025-10-10T00:05:02.556+05:30  INFO 24544 --- [PAYROLL_MANAGEMENT_SYSTEM] [restartedMain] o.h.c.internal.RegionFactoryInitiator    : HHH000026: Second-level cache disabled
2025-10-10T00:05:02.565+05:30  INFO 24544 --- [PAYROLL_MANAGEMENT_SYSTEM] [restartedMain] o.s.o.j.p.SpringPersistenceUnitInfo      : No LoadTimeWeaver setup: ignoring JPA class transformer
2025-10-10T00:05:02.567+05:30  INFO 24544 --- [PAYROLL_MANAGEMENT_SYSTEM] [restartedMain] com.zaxxer.hikari.HikariDataSource       : HikariPool-2 - Starting...
2025-10-10T00:05:02.573+05:30  INFO 24544 --- [PAYROLL_MANAGEMENT_SYSTEM] [restartedMain] com.zaxxer.hikari.pool.HikariPool        : HikariPool-2 - Added connection com.mysql.cj.jdbc.ConnectionImpl@4ba3cc8d
2025-10-10T00:05:02.573+05:30  INFO 24544 --- [PAYROLL_MANAGEMENT_SYSTEM] [restartedMain] com.zaxxer.hikari.HikariDataSource       : HikariPool-2 - Start completed.
2025-10-10T00:05:02.575+05:30  WARN 24544 --- [PAYROLL_MANAGEMENT_SYSTEM] [restartedMain] org.hibernate.orm.deprecation            : HHH90000025: MySQLDialect does not need to be specified explicitly using 'hibernate.dialect' (remove the property setting and it will be selected by default)
2025-10-10T00:05:02.576+05:30  INFO 24544 --- [PAYROLL_MANAGEMENT_SYSTEM] [restartedMain] org.hibernate.orm.connections.pooling    : HHH10001005: Database info:
	Database JDBC URL [Connecting through datasource 'HikariDataSource (HikariPool-2)']
	Database driver: undefined/unknown
	Database version: 8.0.42
	Autocommit mode: undefined/unknown
	Isolation level: undefined/unknown
	Minimum pool size: undefined/unknown
	Maximum pool size: undefined/unknown
2025-10-10T00:05:02.813+05:30  INFO 24544 --- [PAYROLL_MANAGEMENT_SYSTEM] [restartedMain] o.h.e.t.j.p.i.JtaPlatformInitiator       : HHH000489: No JTA platform available (set 'hibernate.transaction.jta.platform' to enable JTA platform integration)
2025-10-10T00:05:02.911+05:30  INFO 24544 --- [PAYROLL_MANAGEMENT_SYSTEM] [restartedMain] j.LocalContainerEntityManagerFactoryBean : Initialized JPA EntityManagerFactory for persistence unit 'default'
2025-10-10T00:05:06.944+05:30  INFO 11036 --- [PAYROLL_MANAGEMENT_SYSTEM] [restartedMain] c.p.PayrollManagementSystemApplication   : Starting PayrollManagementSystemApplication using Java 21.0.3 with PID 11036 (D:\JAVA_TRAINING\CAPSTONE_PROJECT\PAYROLL_MANAGEMENT_SYSTEM\target\classes started by mustafa.bhagat in D:\JAVA_TRAINING\CAPSTONE_PROJECT\PAYROLL_MANAGEMENT_SYSTEM)
2025-10-10T00:05:06.946+05:30  INFO 11036 --- [PAYROLL_MANAGEMENT_SYSTEM] [restartedMain] c.p.PayrollManagementSystemApplication   : No active profile set, falling back to 1 default profile: "default"
2025-10-10T00:05:06.998+05:30  INFO 11036 --- [PAYROLL_MANAGEMENT_SYSTEM] [restartedMain] .e.DevToolsPropertyDefaultsPostProcessor : Devtools property defaults active! Set 'spring.devtools.add-properties' to 'false' to disable
2025-10-10T00:05:06.999+05:30  INFO 11036 --- [PAYROLL_MANAGEMENT_SYSTEM] [restartedMain] .e.DevToolsPropertyDefaultsPostProcessor : For additional web related logging consider setting the 'logging.level.web' property to 'DEBUG'
2025-10-10T00:05:07.685+05:30  INFO 11036 --- [PAYROLL_MANAGEMENT_SYSTEM] [restartedMain] .s.d.r.c.RepositoryConfigurationDelegate : Bootstrapping Spring Data JPA repositories in DEFAULT mode.
2025-10-10T00:05:07.769+05:30  INFO 11036 --- [PAYROLL_MANAGEMENT_SYSTEM] [restartedMain] .s.d.r.c.RepositoryConfigurationDelegate : Finished Spring Data repository scanning in 74 ms. Found 10 JPA repository interfaces.
2025-10-10T00:05:08.187+05:30  INFO 11036 --- [PAYROLL_MANAGEMENT_SYSTEM] [restartedMain] o.s.b.w.embedded.tomcat.TomcatWebServer  : Tomcat initialized with port 8080 (http)
2025-10-10T00:05:08.199+05:30  INFO 11036 --- [PAYROLL_MANAGEMENT_SYSTEM] [restartedMain] o.apache.catalina.core.StandardService   : Starting service [Tomcat]
2025-10-10T00:05:08.200+05:30  INFO 11036 --- [PAYROLL_MANAGEMENT_SYSTEM] [restartedMain] o.apache.catalina.core.StandardEngine    : Starting Servlet engine: [Apache Tomcat/10.1.46]
2025-10-10T00:05:08.244+05:30  INFO 11036 --- [PAYROLL_MANAGEMENT_SYSTEM] [restartedMain] o.a.c.c.C.[Tomcat].[localhost].[/]       : Initializing Spring embedded WebApplicationContext
2025-10-10T00:05:08.244+05:30  INFO 11036 --- [PAYROLL_MANAGEMENT_SYSTEM] [restartedMain] w.s.c.ServletWebServerApplicationContext : Root WebApplicationContext: initialization completed in 1244 ms
2025-10-10T00:05:08.383+05:30  INFO 11036 --- [PAYROLL_MANAGEMENT_SYSTEM] [restartedMain] o.hibernate.jpa.internal.util.LogHelper  : HHH000204: Processing PersistenceUnitInfo [name: default]
2025-10-10T00:05:08.429+05:30  INFO 11036 --- [PAYROLL_MANAGEMENT_SYSTEM] [restartedMain] org.hibernate.Version                    : HHH000412: Hibernate ORM core version 6.6.29.Final
2025-10-10T00:05:08.460+05:30  INFO 11036 --- [PAYROLL_MANAGEMENT_SYSTEM] [restartedMain] o.h.c.internal.RegionFactoryInitiator    : HHH000026: Second-level cache disabled
2025-10-10T00:05:08.675+05:30  INFO 11036 --- [PAYROLL_MANAGEMENT_SYSTEM] [restartedMain] o.s.o.j.p.SpringPersistenceUnitInfo      : No LoadTimeWeaver setup: ignoring JPA class transformer
2025-10-10T00:05:08.702+05:30  INFO 11036 --- [PAYROLL_MANAGEMENT_SYSTEM] [restartedMain] com.zaxxer.hikari.HikariDataSource       : HikariPool-1 - Starting...
2025-10-10T00:05:08.836+05:30  INFO 11036 --- [PAYROLL_MANAGEMENT_SYSTEM] [restartedMain] com.zaxxer.hikari.pool.HikariPool        : HikariPool-1 - Added connection com.mysql.cj.jdbc.ConnectionImpl@e45ad0b
2025-10-10T00:05:08.839+05:30  INFO 11036 --- [PAYROLL_MANAGEMENT_SYSTEM] [restartedMain] com.zaxxer.hikari.HikariDataSource       : HikariPool-1 - Start completed.
2025-10-10T00:05:08.889+05:30  WARN 11036 --- [PAYROLL_MANAGEMENT_SYSTEM] [restartedMain] org.hibernate.orm.deprecation            : HHH90000025: MySQLDialect does not need to be specified explicitly using 'hibernate.dialect' (remove the property setting and it will be selected by default)
2025-10-10T00:05:08.903+05:30  INFO 11036 --- [PAYROLL_MANAGEMENT_SYSTEM] [restartedMain] org.hibernate.orm.connections.pooling    : HHH10001005: Database info:
	Database JDBC URL [Connecting through datasource 'HikariDataSource (HikariPool-1)']
	Database driver: undefined/unknown
	Database version: 8.0.42
	Autocommit mode: undefined/unknown
	Isolation level: undefined/unknown
	Minimum pool size: undefined/unknown
	Maximum pool size: undefined/unknown
2025-10-10T00:05:09.781+05:30  INFO 11036 --- [PAYROLL_MANAGEMENT_SYSTEM] [restartedMain] o.h.e.t.j.p.i.JtaPlatformInitiator       : HHH000489: No JTA platform available (set 'hibernate.transaction.jta.platform' to enable JTA platform integration)
2025-10-10T00:05:09.889+05:30  INFO 11036 --- [PAYROLL_MANAGEMENT_SYSTEM] [restartedMain] j.LocalContainerEntityManagerFactoryBean : Initialized JPA EntityManagerFactory for persistence unit 'default'
2025-10-10T00:05:10.218+05:30  WARN 11036 --- [PAYROLL_MANAGEMENT_SYSTEM] [restartedMain] JpaBaseConfiguration$JpaWebConfiguration : spring.jpa.open-in-view is enabled by default. Therefore, database queries may be performed during view rendering. Explicitly configure spring.jpa.open-in-view to disable this warning
2025-10-10T00:05:10.495+05:30  INFO 11036 --- [PAYROLL_MANAGEMENT_SYSTEM] [restartedMain] o.s.b.d.a.OptionalLiveReloadServer       : LiveReload server is running on port 35729
2025-10-10T00:05:10.530+05:30  INFO 11036 --- [PAYROLL_MANAGEMENT_SYSTEM] [restartedMain] o.s.b.w.embedded.tomcat.TomcatWebServer  : Tomcat started on port 8080 (http) with context path '/'
2025-10-10T00:05:10.536+05:30  INFO 11036 --- [PAYROLL_MANAGEMENT_SYSTEM] [restartedMain] c.p.PayrollManagementSystemApplication   : Started PayrollManagementSystemApplication in 4.101 seconds (process running for 5.142)
2025-10-10T00:06:02.622+05:30  INFO 11036 --- [PAYROLL_MANAGEMENT_SYSTEM] [http-nio-8080-exec-2] o.a.c.c.C.[Tomcat].[localhost].[/]       : Initializing Spring DispatcherServlet 'dispatcherServlet'
2025-10-10T00:06:02.622+05:30  INFO 11036 --- [PAYROLL_MANAGEMENT_SYSTEM] [http-nio-8080-exec-2] o.s.web.servlet.DispatcherServlet        : Initializing Servlet 'dispatcherServlet'
2025-10-10T00:06:02.624+05:30  INFO 11036 --- [PAYROLL_MANAGEMENT_SYSTEM] [http-nio-8080-exec-2] o.s.web.servlet.DispatcherServlet        : Completed initialization in 2 ms
2025-10-10T00:06:02.845+05:30 DEBUG 11036 --- [PAYROLL_MANAGEMENT_SYSTEM] [http-nio-8080-exec-2] org.hibernate.SQL                        : select o1_0.id,o1_0.address,o1_0.bank_id,b1_0.id,ba1_0.id,ba1_0.contact_number,ba1_0.email,ba1_0.name,ba1_0.password,ba1_0.user_id,b1_0.bank_name,b1_0.branch,b1_0.contact_number,o1_0.contact_email,o1_0.contact_phone,o1_0.document_url,o1_0.org_name,o1_0.registration_number,o1_0.verification_status,vb1_0.id,b2_0.id,b2_0.bank_name,b2_0.branch,b2_0.contact_number,vb1_0.contact_number,vb1_0.email,vb1_0.name,vb1_0.password,u2_0.id,u2_0.email,u2_0.organization_id,u2_0.password,u2_0.role,u2_0.username from organization o1_0 join bank b1_0 on b1_0.id=o1_0.bank_id left join bank_admin ba1_0 on b1_0.id=ba1_0.bank_id left join bank_admin vb1_0 on vb1_0.id=o1_0.bank_admin_id left join bank b2_0 on b2_0.id=vb1_0.bank_id left join user u2_0 on u2_0.id=vb1_0.user_id where o1_0.id=?
2025-10-10T00:06:02.847+05:30 TRACE 11036 --- [PAYROLL_MANAGEMENT_SYSTEM] [http-nio-8080-exec-2] org.hibernate.orm.jdbc.bind              : binding parameter (1:BIGINT) <- [1]
2025-10-10T00:06:02.943+05:30 DEBUG 11036 --- [PAYROLL_MANAGEMENT_SYSTEM] [http-nio-8080-exec-2] org.hibernate.SQL                        : insert into employee (account_number,bank_name,department,designation,document_url,email,full_name,ifsc_code,organization_id,password,salary_structure_id,verification_status) values (?,?,?,?,?,?,?,?,?,?,?,?)
2025-10-10T00:06:02.946+05:30 TRACE 11036 --- [PAYROLL_MANAGEMENT_SYSTEM] [http-nio-8080-exec-2] org.hibernate.orm.jdbc.bind              : binding parameter (1:VARCHAR) <- [9876543210]
2025-10-10T00:06:02.946+05:30 TRACE 11036 --- [PAYROLL_MANAGEMENT_SYSTEM] [http-nio-8080-exec-2] org.hibernate.orm.jdbc.bind              : binding parameter (2:VARCHAR) <- [National Bank of India]
2025-10-10T00:06:02.946+05:30 TRACE 11036 --- [PAYROLL_MANAGEMENT_SYSTEM] [http-nio-8080-exec-2] org.hibernate.orm.jdbc.bind              : binding parameter (3:VARCHAR) <- [Engineering]
2025-10-10T00:06:02.946+05:30 TRACE 11036 --- [PAYROLL_MANAGEMENT_SYSTEM] [http-nio-8080-exec-2] org.hibernate.orm.jdbc.bind              : binding parameter (4:VARCHAR) <- [Software Developer]
2025-10-10T00:06:02.946+05:30 TRACE 11036 --- [PAYROLL_MANAGEMENT_SYSTEM] [http-nio-8080-exec-2] org.hibernate.orm.jdbc.bind              : binding parameter (5:VARCHAR) <- [https://res.cloudinary.com/demo/employee_docs/aman_id.pdf]
2025-10-10T00:06:02.946+05:30 TRACE 11036 --- [PAYROLL_MANAGEMENT_SYSTEM] [http-nio-8080-exec-2] org.hibernate.orm.jdbc.bind              : binding parameter (6:VARCHAR) <- [amansharma@gmail.com]
2025-10-10T00:06:02.946+05:30 TRACE 11036 --- [PAYROLL_MANAGEMENT_SYSTEM] [http-nio-8080-exec-2] org.hibernate.orm.jdbc.bind              : binding parameter (7:VARCHAR) <- [Aman Sharma]
2025-10-10T00:06:02.946+05:30 TRACE 11036 --- [PAYROLL_MANAGEMENT_SYSTEM] [http-nio-8080-exec-2] org.hibernate.orm.jdbc.bind              : binding parameter (8:VARCHAR) <- [NBI0001234]
2025-10-10T00:06:02.946+05:30 TRACE 11036 --- [PAYROLL_MANAGEMENT_SYSTEM] [http-nio-8080-exec-2] org.hibernate.orm.jdbc.bind              : binding parameter (9:BIGINT) <- [1]
2025-10-10T00:06:02.946+05:30 TRACE 11036 --- [PAYROLL_MANAGEMENT_SYSTEM] [http-nio-8080-exec-2] org.hibernate.orm.jdbc.bind              : binding parameter (10:VARCHAR) <- [aman123]
2025-10-10T00:06:02.951+05:30 TRACE 11036 --- [PAYROLL_MANAGEMENT_SYSTEM] [http-nio-8080-exec-2] org.hibernate.orm.jdbc.bind              : binding parameter (11:BIGINT) <- [null]
2025-10-10T00:06:02.951+05:30 TRACE 11036 --- [PAYROLL_MANAGEMENT_SYSTEM] [http-nio-8080-exec-2] org.hibernate.orm.jdbc.bind              : binding parameter (12:ENUM) <- [PENDING]
2025-10-10T00:06:28.969+05:30  INFO 11036 --- [PAYROLL_MANAGEMENT_SYSTEM] [RMI TCP Connection(5)-127.0.0.1] inMXBeanRegistrar$SpringApplicationAdmin : Application shutdown requested.
2025-10-10T00:06:28.971+05:30  INFO 11036 --- [PAYROLL_MANAGEMENT_SYSTEM] [RMI TCP Connection(5)-127.0.0.1] o.s.b.w.e.tomcat.GracefulShutdown        : Commencing graceful shutdown. Waiting for active requests to complete
2025-10-10T00:06:28.982+05:30  INFO 11036 --- [PAYROLL_MANAGEMENT_SYSTEM] [tomcat-shutdown] o.s.b.w.e.tomcat.GracefulShutdown        : Graceful shutdown complete
2025-10-10T00:06:28.989+05:30  INFO 11036 --- [PAYROLL_MANAGEMENT_SYSTEM] [RMI TCP Connection(5)-127.0.0.1] j.LocalContainerEntityManagerFactoryBean : Closing JPA EntityManagerFactory for persistence unit 'default'
2025-10-10T00:06:28.995+05:30  INFO 11036 --- [PAYROLL_MANAGEMENT_SYSTEM] [RMI TCP Connection(5)-127.0.0.1] com.zaxxer.hikari.HikariDataSource       : HikariPool-1 - Shutdown initiated...
2025-10-10T00:06:29.004+05:30  INFO 11036 --- [PAYROLL_MANAGEMENT_SYSTEM] [RMI TCP Connection(5)-127.0.0.1] com.zaxxer.hikari.HikariDataSource       : HikariPool-1 - Shutdown completed.
