2025-10-06 22:47:44,669 [Worker-8: Loading available Gradle versions] INFO  o.e.b.c.i.u.g.PublishedGradleVersions - Gradle version information cache is up-to-date. Trying to read.
2025-10-06 22:50:10,358 [Worker-3: Import Getting Started Content] INFO  o.e.m.c.i.l.LifecycleMappingFactory - Using org.eclipse.m2e.jdt.JarLifecycleMapping lifecycle mapping for MavenProject: com.project:PAYROLL_MANAGEMENT_SYSTEM:0.0.1-SNAPSHOT @ D:\JAVA_TRAINING\CAPSTONE_PROJECT\PAYROLL_MANAGEMENT_SYSTEM\pom.xml.
2025-10-06 22:50:11,823 [Worker-3: Import Getting Started Content] INFO  o.e.m.j.i.AbstractJavaProjectConfigurator - Adding source folder /PAYROLL_MANAGEMENT_SYSTEM/src/main/java
2025-10-06 22:50:11,825 [Worker-3: Import Getting Started Content] INFO  o.e.m.j.i.AbstractJavaProjectConfigurator - Adding resource folder /PAYROLL_MANAGEMENT_SYSTEM/src/main/resources
2025-10-06 22:50:11,874 [Worker-3: Import Getting Started Content] INFO  o.e.m.j.i.AbstractJavaProjectConfigurator - Adding resource folder /PAYROLL_MANAGEMENT_SYSTEM/src/main/resources
2025-10-06 22:50:11,878 [Worker-3: Import Getting Started Content] INFO  o.e.m.j.i.AbstractJavaProjectConfigurator - Adding source folder /PAYROLL_MANAGEMENT_SYSTEM/src/test/java
2025-10-06 22:50:11,879 [Worker-3: Import Getting Started Content] INFO  o.e.m.j.i.AbstractJavaProjectConfigurator - Adding resource folder /PAYROLL_MANAGEMENT_SYSTEM/src/test/resources
2025-10-06 22:50:12,593 [Worker-3: Import Getting Started Content] INFO  o.e.m.c.i.p.ProjectConfigurationManager - Imported and configured 1 project(s) in 4 sec
2025-10-06 22:50:12,597 [Worker-3: Import Getting Started Content] INFO  o.e.m.c.i.p.ProjectConfigurationManager - Update started
2025-10-06 22:50:12,993 [Worker-3: Import Getting Started Content] INFO  o.e.m.c.i.l.LifecycleMappingFactory - Using org.eclipse.m2e.jdt.JarLifecycleMapping lifecycle mapping for MavenProject: com.project:PAYROLL_MANAGEMENT_SYSTEM:0.0.1-SNAPSHOT @ D:\JAVA_TRAINING\CAPSTONE_PROJECT\PAYROLL_MANAGEMENT_SYSTEM\pom.xml.
2025-10-06 22:50:13,527 [Worker-3: Import Getting Started Content] INFO  o.e.m.j.i.AbstractJavaProjectConfigurator - Adding source folder /PAYROLL_MANAGEMENT_SYSTEM/src/main/java
2025-10-06 22:50:13,529 [Worker-3: Import Getting Started Content] INFO  o.e.m.j.i.AbstractJavaProjectConfigurator - Adding resource folder /PAYROLL_MANAGEMENT_SYSTEM/src/main/resources
2025-10-06 22:50:13,529 [Worker-3: Import Getting Started Content] INFO  o.e.m.j.i.AbstractJavaProjectConfigurator - Adding resource folder /PAYROLL_MANAGEMENT_SYSTEM/src/main/resources
2025-10-06 22:50:13,529 [Worker-3: Import Getting Started Content] INFO  o.e.m.j.i.AbstractJavaProjectConfigurator - Adding source folder /PAYROLL_MANAGEMENT_SYSTEM/src/test/java
2025-10-06 22:50:13,530 [Worker-3: Import Getting Started Content] INFO  o.e.m.j.i.AbstractJavaProjectConfigurator - Adding resource folder /PAYROLL_MANAGEMENT_SYSTEM/src/test/resources
2025-10-06 22:50:14,084 [Worker-3: Import Getting Started Content] INFO  o.e.m.c.i.p.ProjectConfigurationManager - Update completed for 1 poms: local refresh takes 0.00 sec, refresh facades takes 0.00 sec, update config takes 0.00 sec 
2025-10-06 22:50:15,067 [Worker-2: Building] INFO  o.a.m.s.f.DefaultMavenResourcesFiltering - Copying 1 resource from src\main\resources to target\classes
2025-10-06 22:50:15,083 [Worker-2: Building] INFO  o.a.m.s.f.DefaultMavenResourcesFiltering - Copying 0 resource from src\main\resources to target\classes
2025-10-06 22:50:15,088 [Worker-2: Building] INFO  o.a.m.s.f.DefaultMavenResourcesFiltering - skip non existing resourceDirectory D:\JAVA_TRAINING\CAPSTONE_PROJECT\PAYROLL_MANAGEMENT_SYSTEM\src\test\resources
2025-10-06 22:52:24,095 [Worker-9: Building] INFO  o.e.m.c.i.l.LifecycleMappingFactory - Using org.eclipse.m2e.jdt.JarLifecycleMapping lifecycle mapping for MavenProject: com.project:PAYROLL_MANAGEMENT_SYSTEM:0.0.1-SNAPSHOT @ D:\JAVA_TRAINING\CAPSTONE_PROJECT\PAYROLL_MANAGEMENT_SYSTEM\pom.xml.
2025-10-06 22:52:25,242 [Worker-9: Building] INFO  o.a.m.s.f.DefaultMavenResourcesFiltering - Copying 0 resource from src\main\resources to target\classes
2025-10-06 22:52:25,245 [Worker-9: Building] INFO  o.a.m.s.f.DefaultMavenResourcesFiltering - Copying 0 resource from src\main\resources to target\classes
2025-10-06 22:52:25,250 [Worker-9: Building] INFO  o.a.m.s.f.DefaultMavenResourcesFiltering - skip non existing resourceDirectory D:\JAVA_TRAINING\CAPSTONE_PROJECT\PAYROLL_MANAGEMENT_SYSTEM\src\test\resources
2025-10-06 22:52:26,607 [Worker-17: Building] INFO  o.a.m.s.f.DefaultMavenResourcesFiltering - Copying 1 resource from src\main\resources to target\classes
2025-10-06 22:52:26,625 [Worker-17: Building] INFO  o.a.m.s.f.DefaultMavenResourcesFiltering - Copying 0 resource from src\main\resources to target\classes
2025-10-06 22:52:26,629 [Worker-17: Building] INFO  o.a.m.s.f.DefaultMavenResourcesFiltering - skip non existing resourceDirectory D:\JAVA_TRAINING\CAPSTONE_PROJECT\PAYROLL_MANAGEMENT_SYSTEM\src\test\resources
2025-10-06 22:52:34,090 [Worker-16: Building] INFO  o.e.m.c.i.l.LifecycleMappingFactory - Using org.eclipse.m2e.jdt.JarLifecycleMapping lifecycle mapping for MavenProject: com.project:PAYROLL_MANAGEMENT_SYSTEM:0.0.1-SNAPSHOT @ D:\JAVA_TRAINING\CAPSTONE_PROJECT\PAYROLL_MANAGEMENT_SYSTEM\pom.xml.
2025-10-06 22:52:34,970 [Worker-16: Building] INFO  o.a.m.s.f.DefaultMavenResourcesFiltering - Copying 0 resource from src\main\resources to target\classes
2025-10-06 22:52:34,972 [Worker-16: Building] INFO  o.a.m.s.f.DefaultMavenResourcesFiltering - Copying 0 resource from src\main\resources to target\classes
2025-10-06 22:52:34,977 [Worker-16: Building] INFO  o.a.m.s.f.DefaultMavenResourcesFiltering - skip non existing resourceDirectory D:\JAVA_TRAINING\CAPSTONE_PROJECT\PAYROLL_MANAGEMENT_SYSTEM\src\test\resources
2025-10-06 22:53:25,634 [Worker-5: Building] INFO  o.a.m.s.f.DefaultMavenResourcesFiltering - Copying 1 resource from src\main\resources to target\classes
2025-10-06 22:53:25,655 [Worker-5: Building] INFO  o.a.m.s.f.DefaultMavenResourcesFiltering - Copying 0 resource from src\main\resources to target\classes
2025-10-06 22:53:25,660 [Worker-5: Building] INFO  o.a.m.s.f.DefaultMavenResourcesFiltering - skip non existing resourceDirectory D:\JAVA_TRAINING\CAPSTONE_PROJECT\PAYROLL_MANAGEMENT_SYSTEM\src\test\resources
2025-10-06 23:21:01,849 [Worker-23: Building] INFO  o.a.m.s.f.DefaultMavenResourcesFiltering - Copying 1 resource from src\main\resources to target\classes
2025-10-06 23:21:01,862 [Worker-23: Building] INFO  o.a.m.s.f.DefaultMavenResourcesFiltering - Copying 0 resource from src\main\resources to target\classes
2025-10-06 23:21:01,867 [Worker-23: Building] INFO  o.a.m.s.f.DefaultMavenResourcesFiltering - skip non existing resourceDirectory D:\JAVA_TRAINING\CAPSTONE_PROJECT\PAYROLL_MANAGEMENT_SYSTEM\src\test\resources
2025-10-06 23:25:17,002 [Worker-20: Building] INFO  o.a.m.s.f.DefaultMavenResourcesFiltering - Copying 1 resource from src\main\resources to target\classes
2025-10-06 23:25:17,012 [Worker-20: Building] INFO  o.a.m.s.f.DefaultMavenResourcesFiltering - Copying 0 resource from src\main\resources to target\classes
2025-10-06 23:25:17,018 [Worker-20: Building] INFO  o.a.m.s.f.DefaultMavenResourcesFiltering - skip non existing resourceDirectory D:\JAVA_TRAINING\CAPSTONE_PROJECT\PAYROLL_MANAGEMENT_SYSTEM\src\test\resources
2025-10-06 23:25:47,239 [Worker-27: Building] INFO  o.a.m.s.f.DefaultMavenResourcesFiltering - Copying 1 resource from src\main\resources to target\classes
2025-10-06 23:25:47,247 [Worker-27: Building] INFO  o.a.m.s.f.DefaultMavenResourcesFiltering - Copying 0 resource from src\main\resources to target\classes
2025-10-06 23:25:47,252 [Worker-27: Building] INFO  o.a.m.s.f.DefaultMavenResourcesFiltering - skip non existing resourceDirectory D:\JAVA_TRAINING\CAPSTONE_PROJECT\PAYROLL_MANAGEMENT_SYSTEM\src\test\resources
2025-10-06 23:26:19,072 [Worker-28: Building] INFO  o.a.m.s.f.DefaultMavenResourcesFiltering - Copying 1 resource from src\main\resources to target\classes
2025-10-06 23:26:19,080 [Worker-28: Building] INFO  o.a.m.s.f.DefaultMavenResourcesFiltering - Copying 0 resource from src\main\resources to target\classes
2025-10-06 23:26:19,084 [Worker-28: Building] INFO  o.a.m.s.f.DefaultMavenResourcesFiltering - skip non existing resourceDirectory D:\JAVA_TRAINING\CAPSTONE_PROJECT\PAYROLL_MANAGEMENT_SYSTEM\src\test\resources
2025-10-06 23:26:44,908 [Worker-27: Building] INFO  o.a.m.s.f.DefaultMavenResourcesFiltering - Copying 1 resource from src\main\resources to target\classes
2025-10-06 23:26:44,916 [Worker-27: Building] INFO  o.a.m.s.f.DefaultMavenResourcesFiltering - Copying 0 resource from src\main\resources to target\classes
2025-10-06 23:26:44,921 [Worker-27: Building] INFO  o.a.m.s.f.DefaultMavenResourcesFiltering - skip non existing resourceDirectory D:\JAVA_TRAINING\CAPSTONE_PROJECT\PAYROLL_MANAGEMENT_SYSTEM\src\test\resources
2025-10-06 23:26:57,379 [Worker-28: Building] INFO  o.a.m.s.f.DefaultMavenResourcesFiltering - Copying 1 resource from src\main\resources to target\classes
2025-10-06 23:26:57,386 [Worker-28: Building] INFO  o.a.m.s.f.DefaultMavenResourcesFiltering - Copying 0 resource from src\main\resources to target\classes
2025-10-06 23:26:57,391 [Worker-28: Building] INFO  o.a.m.s.f.DefaultMavenResourcesFiltering - skip non existing resourceDirectory D:\JAVA_TRAINING\CAPSTONE_PROJECT\PAYROLL_MANAGEMENT_SYSTEM\src\test\resources
2025-10-06 23:28:24,207 [Worker-30: Building] INFO  o.a.m.s.f.DefaultMavenResourcesFiltering - Copying 1 resource from src\main\resources to target\classes
2025-10-06 23:28:24,235 [Worker-30: Building] INFO  o.a.m.s.f.DefaultMavenResourcesFiltering - Copying 0 resource from src\main\resources to target\classes
2025-10-06 23:28:24,244 [Worker-30: Building] INFO  o.a.m.s.f.DefaultMavenResourcesFiltering - skip non existing resourceDirectory D:\JAVA_TRAINING\CAPSTONE_PROJECT\PAYROLL_MANAGEMENT_SYSTEM\src\test\resources
2025-10-06 23:28:31,937 [Worker-26: Building] INFO  o.a.m.s.f.DefaultMavenResourcesFiltering - Copying 1 resource from src\main\resources to target\classes
2025-10-06 23:28:31,945 [Worker-26: Building] INFO  o.a.m.s.f.DefaultMavenResourcesFiltering - Copying 0 resource from src\main\resources to target\classes
2025-10-06 23:28:31,948 [Worker-26: Building] INFO  o.a.m.s.f.DefaultMavenResourcesFiltering - skip non existing resourceDirectory D:\JAVA_TRAINING\CAPSTONE_PROJECT\PAYROLL_MANAGEMENT_SYSTEM\src\test\resources
2025-10-06 23:28:50,729 [Worker-26: Building] INFO  o.a.m.s.f.DefaultMavenResourcesFiltering - Copying 1 resource from src\main\resources to target\classes
2025-10-06 23:28:50,738 [Worker-26: Building] INFO  o.a.m.s.f.DefaultMavenResourcesFiltering - Copying 0 resource from src\main\resources to target\classes
2025-10-06 23:28:50,742 [Worker-26: Building] INFO  o.a.m.s.f.DefaultMavenResourcesFiltering - skip non existing resourceDirectory D:\JAVA_TRAINING\CAPSTONE_PROJECT\PAYROLL_MANAGEMENT_SYSTEM\src\test\resources
2025-10-06 23:30:11,923 [Worker-33: Building] INFO  o.a.m.s.f.DefaultMavenResourcesFiltering - Copying 1 resource from src\main\resources to target\classes
2025-10-06 23:30:11,930 [Worker-33: Building] INFO  o.a.m.s.f.DefaultMavenResourcesFiltering - Copying 0 resource from src\main\resources to target\classes
2025-10-06 23:30:11,935 [Worker-33: Building] INFO  o.a.m.s.f.DefaultMavenResourcesFiltering - skip non existing resourceDirectory D:\JAVA_TRAINING\CAPSTONE_PROJECT\PAYROLL_MANAGEMENT_SYSTEM\src\test\resources
2025-10-06 23:34:47,166 [Worker-26: Building] INFO  o.a.m.s.f.DefaultMavenResourcesFiltering - Copying 1 resource from src\main\resources to target\classes
2025-10-06 23:34:47,174 [Worker-26: Building] INFO  o.a.m.s.f.DefaultMavenResourcesFiltering - Copying 0 resource from src\main\resources to target\classes
2025-10-06 23:34:47,179 [Worker-26: Building] INFO  o.a.m.s.f.DefaultMavenResourcesFiltering - skip non existing resourceDirectory D:\JAVA_TRAINING\CAPSTONE_PROJECT\PAYROLL_MANAGEMENT_SYSTEM\src\test\resources
2025-10-06 23:34:55,648 [Worker-36: Building] INFO  o.a.m.s.f.DefaultMavenResourcesFiltering - Copying 1 resource from src\main\resources to target\classes
2025-10-06 23:34:55,656 [Worker-36: Building] INFO  o.a.m.s.f.DefaultMavenResourcesFiltering - Copying 0 resource from src\main\resources to target\classes
2025-10-06 23:34:55,660 [Worker-36: Building] INFO  o.a.m.s.f.DefaultMavenResourcesFiltering - skip non existing resourceDirectory D:\JAVA_TRAINING\CAPSTONE_PROJECT\PAYROLL_MANAGEMENT_SYSTEM\src\test\resources
2025-10-06 23:40:42,515 [Worker-35: Building] INFO  o.a.m.s.f.DefaultMavenResourcesFiltering - Copying 1 resource from src\main\resources to target\classes
2025-10-06 23:40:42,524 [Worker-35: Building] INFO  o.a.m.s.f.DefaultMavenResourcesFiltering - Copying 0 resource from src\main\resources to target\classes
2025-10-06 23:40:42,527 [Worker-35: Building] INFO  o.a.m.s.f.DefaultMavenResourcesFiltering - skip non existing resourceDirectory D:\JAVA_TRAINING\CAPSTONE_PROJECT\PAYROLL_MANAGEMENT_SYSTEM\src\test\resources
2025-10-06 23:40:52,325 [Worker-38: Building] INFO  o.a.m.s.f.DefaultMavenResourcesFiltering - Copying 1 resource from src\main\resources to target\classes
2025-10-06 23:40:52,333 [Worker-38: Building] INFO  o.a.m.s.f.DefaultMavenResourcesFiltering - Copying 0 resource from src\main\resources to target\classes
2025-10-06 23:40:52,336 [Worker-38: Building] INFO  o.a.m.s.f.DefaultMavenResourcesFiltering - skip non existing resourceDirectory D:\JAVA_TRAINING\CAPSTONE_PROJECT\PAYROLL_MANAGEMENT_SYSTEM\src\test\resources
2025-10-07 10:09:35,226 [Worker-4: Loading available Gradle versions] INFO  o.e.b.c.i.u.g.PublishedGradleVersions - Gradle version information cache is up-to-date. Trying to read.
2025-10-07 10:09:54,346 [Worker-11: Building] INFO  o.a.m.s.f.DefaultMavenResourcesFiltering - Copying 1 resource from src\main\resources to target\classes
2025-10-07 10:09:54,385 [Worker-11: Building] INFO  o.a.m.s.f.DefaultMavenResourcesFiltering - Copying 0 resource from src\main\resources to target\classes
2025-10-07 10:09:54,392 [Worker-11: Building] INFO  o.a.m.s.f.DefaultMavenResourcesFiltering - skip non existing resourceDirectory D:\JAVA_TRAINING\CAPSTONE_PROJECT\PAYROLL_MANAGEMENT_SYSTEM\src\test\resources
2025-10-07 10:14:44,788 [Worker-9: Building] INFO  o.a.m.s.f.DefaultMavenResourcesFiltering - Copying 1 resource from src\main\resources to target\classes
2025-10-07 10:14:44,796 [Worker-9: Building] INFO  o.a.m.s.f.DefaultMavenResourcesFiltering - Copying 0 resource from src\main\resources to target\classes
2025-10-07 10:14:44,802 [Worker-9: Building] INFO  o.a.m.s.f.DefaultMavenResourcesFiltering - skip non existing resourceDirectory D:\JAVA_TRAINING\CAPSTONE_PROJECT\PAYROLL_MANAGEMENT_SYSTEM\src\test\resources
2025-10-07 10:15:39,606 [Worker-16: Building] INFO  o.a.m.s.f.DefaultMavenResourcesFiltering - Copying 1 resource from src\main\resources to target\classes
2025-10-07 10:15:39,614 [Worker-16: Building] INFO  o.a.m.s.f.DefaultMavenResourcesFiltering - Copying 0 resource from src\main\resources to target\classes
2025-10-07 10:15:39,620 [Worker-16: Building] INFO  o.a.m.s.f.DefaultMavenResourcesFiltering - skip non existing resourceDirectory D:\JAVA_TRAINING\CAPSTONE_PROJECT\PAYROLL_MANAGEMENT_SYSTEM\src\test\resources
2025-10-07 10:15:53,813 [Worker-17: Building] INFO  o.a.m.s.f.DefaultMavenResourcesFiltering - Copying 1 resource from src\main\resources to target\classes
2025-10-07 10:15:53,820 [Worker-17: Building] INFO  o.a.m.s.f.DefaultMavenResourcesFiltering - Copying 0 resource from src\main\resources to target\classes
2025-10-07 10:15:53,824 [Worker-17: Building] INFO  o.a.m.s.f.DefaultMavenResourcesFiltering - skip non existing resourceDirectory D:\JAVA_TRAINING\CAPSTONE_PROJECT\PAYROLL_MANAGEMENT_SYSTEM\src\test\resources
2025-10-07 10:16:10,561 [Worker-18: Building] INFO  o.a.m.s.f.DefaultMavenResourcesFiltering - Copying 1 resource from src\main\resources to target\classes
2025-10-07 10:16:10,568 [Worker-18: Building] INFO  o.a.m.s.f.DefaultMavenResourcesFiltering - Copying 0 resource from src\main\resources to target\classes
2025-10-07 10:16:10,573 [Worker-18: Building] INFO  o.a.m.s.f.DefaultMavenResourcesFiltering - skip non existing resourceDirectory D:\JAVA_TRAINING\CAPSTONE_PROJECT\PAYROLL_MANAGEMENT_SYSTEM\src\test\resources
